\BOOKMARK [1][-]{section.1}{Restatement of the problems}{}% 1
\BOOKMARK [1][-]{section.2}{Model Analysis}{}% 2
\BOOKMARK [2][-]{subsection.2.1}{Analysis of task 1}{section.2}% 3
\BOOKMARK [2][-]{subsection.2.2}{Analysis of task 2}{section.2}% 4
\BOOKMARK [2][-]{subsection.2.3}{Analysis of task 3}{section.2}% 5
\BOOKMARK [2][-]{subsection.2.4}{Analysis of task 4}{section.2}% 6
\BOOKMARK [1][-]{section.3}{Model Assumptions}{}% 7
\BOOKMARK [1][-]{section.4}{Parameter Table}{}% 8
\BOOKMARK [1][-]{section.5}{Problem 1: Design for Decision Model}{}% 9
\BOOKMARK [1][-]{section.6}{Problem 2: Verification for the Decision Model}{}% 10
\BOOKMARK [1][-]{section.7}{Problem 3: Design for Schedule Model}{}% 11
\BOOKMARK [1][-]{section.8}{Problem 4: Design for Priority Model}{}% 12
\BOOKMARK [1][-]{section.9}{Model Appraisal}{}% 13
\BOOKMARK [2][-]{subsection.9.1}{The strengths of the model}{section.9}% 14
\BOOKMARK [2][-]{subsection.9.2}{The weaknesses of the model}{section.9}% 15
\BOOKMARK [2][-]{subsection.9.3}{The improvement of the model}{section.9}% 16
\BOOKMARK [2][-]{subsection.9.4}{The Extension of the model}{section.9}% 17
\BOOKMARK [1][-]{section.10}{Conclusion}{}% 18
\BOOKMARK [1][-]{section*.2}{Appendices}{}% 19
\BOOKMARK [1][-]{Appendix.a.A}{Appendix First appendix}{}% 20
\BOOKMARK [1][-]{Appendix.a.B}{Appendix Second appendix}{}% 21
