\BOOKMARK [1][-]{section.1}{Restatement of the problems}{}% 1
\BOOKMARK [2][-]{subsection.1.1}{Background}{section.1}% 2
\BOOKMARK [2][-]{subsection.1.2}{Tasks}{section.1}% 3
\BOOKMARK [1][-]{section.2}{Model Analysis}{}% 4
\BOOKMARK [2][-]{subsection.2.1}{Analysis of task 1}{section.2}% 5
\BOOKMARK [2][-]{subsection.2.2}{Analysis of task 2}{section.2}% 6
\BOOKMARK [2][-]{subsection.2.3}{Analysis of task 3}{section.2}% 7
\BOOKMARK [2][-]{subsection.2.4}{Analysis of task 4}{section.2}% 8
\BOOKMARK [1][-]{section.3}{Model Assumptions}{}% 9
\BOOKMARK [1][-]{section.4}{Parameter Table}{}% 10
\BOOKMARK [1][-]{section.5}{Problem 1: Design for Decision Model}{}% 11
\BOOKMARK [2][-]{subsection.5.1}{Net Income for Queueing Taxis}{section.5}% 12
\BOOKMARK [2][-]{subsection.5.2}{Net Income for Returning Taxis}{section.5}% 13
\BOOKMARK [1][-]{section.6}{Problem 2: Decisions for Drivers and Analysis for the Decision Model}{}% 14
\BOOKMARK [2][-]{subsection.6.1}{Data Preparing}{section.6}% 15
\BOOKMARK [2][-]{subsection.6.2}{Parameter Calibration}{section.6}% 16
\BOOKMARK [2][-]{subsection.6.3}{Model Calculation}{section.6}% 17
\BOOKMARK [2][-]{subsection.6.4}{Rationality Analysis}{section.6}% 18
\BOOKMARK [2][-]{subsection.6.5}{Dependency Analysis}{section.6}% 19
\BOOKMARK [1][-]{section.7}{Problem 3: Design for Schedule Model}{}% 20
\BOOKMARK [2][-]{subsection.7.1}{Assumptions}{section.7}% 21
\BOOKMARK [2][-]{subsection.7.2}{Model establishment}{section.7}% 22
\BOOKMARK [2][-]{subsection.7.3}{Model verification:}{section.7}% 23
\BOOKMARK [3][-]{subsubsection.7.3.1}{preparation of data}{subsection.7.3}% 24
\BOOKMARK [3][-]{subsubsection.7.3.2}{Model calculation}{subsection.7.3}% 25
\BOOKMARK [3][-]{subsubsection.7.3.3}{Model rationality analysis}{subsection.7.3}% 26
\BOOKMARK [1][-]{section.8}{Problem 4: Design for Priority Model}{}% 27
\BOOKMARK [2][-]{subsection.8.1}{Construction of Priority Model}{section.8}% 28
\BOOKMARK [2][-]{subsection.8.2}{Verification of Priority Model}{section.8}% 29
\BOOKMARK [1][-]{section.9}{Model Appraisal}{}% 30
\BOOKMARK [2][-]{subsection.9.1}{The strengths of the model}{section.9}% 31
\BOOKMARK [2][-]{subsection.9.2}{The weaknesses of the model}{section.9}% 32
\BOOKMARK [2][-]{subsection.9.3}{The improvement of the model}{section.9}% 33
\BOOKMARK [2][-]{subsection.9.4}{The Extension of the model}{section.9}% 34
\BOOKMARK [1][-]{section.10}{Conclusion}{}% 35
\BOOKMARK [1][-]{section*.2}{Appendices}{}% 36
\BOOKMARK [1][-]{Appendix.a.A}{Appendix Source Codes}{}% 37
